TN:
SF:src\persistence\sqlite.js
FN:7,init
FN:31,teardown
FN:40,getItems
FN:55,getItem
FN:70,storeItem
FN:83,updateItem
FN:96,removeItem
FNF:7
FNH:7
FNDA:5,init
FNDA:5,teardown
FNDA:4,getItems
FNDA:1,getItem
FNDA:4,storeItem
FNDA:1,updateItem
FNDA:1,removeItem
DA:1,1
DA:2,1
DA:3,1
DA:4,1
DA:5,1
DA:6,1
DA:7,5
DA:8,5
DA:9,5
DA:10,0
DA:11,0
DA:12,5
DA:13,5
DA:14,5
DA:15,5
DA:16,5
DA:17,5
DA:18,5
DA:19,5
DA:20,5
DA:21,5
DA:22,5
DA:23,5
DA:24,5
DA:25,5
DA:26,5
DA:27,5
DA:28,5
DA:29,5
DA:30,1
DA:31,5
DA:32,5
DA:33,5
DA:34,5
DA:35,5
DA:36,5
DA:37,5
DA:38,5
DA:39,1
DA:40,4
DA:41,4
DA:42,4
DA:43,4
DA:44,4
DA:45,4
DA:46,2
DA:47,2
DA:48,2
DA:49,4
DA:50,4
DA:51,4
DA:52,4
DA:53,4
DA:54,1
DA:55,1
DA:56,1
DA:57,1
DA:58,1
DA:59,1
DA:60,1
DA:61,1
DA:62,1
DA:63,1
DA:64,1
DA:65,1
DA:66,1
DA:67,1
DA:68,1
DA:69,1
DA:70,4
DA:71,4
DA:72,4
DA:73,4
DA:74,4
DA:75,4
DA:76,4
DA:77,4
DA:78,4
DA:79,4
DA:80,4
DA:81,4
DA:82,1
DA:83,1
DA:84,1
DA:85,1
DA:86,1
DA:87,1
DA:88,1
DA:89,1
DA:90,1
DA:91,1
DA:92,1
DA:93,1
DA:94,1
DA:95,1
DA:96,1
DA:97,1
DA:98,1
DA:99,1
DA:100,1
DA:101,1
DA:102,1
DA:103,1
DA:104,1
DA:105,1
DA:106,1
DA:107,1
DA:108,1
DA:109,1
DA:110,1
DA:111,1
DA:112,1
DA:113,1
LF:113
LH:111
BRDA:7,0,0,5
BRDA:9,1,0,0
BRDA:13,2,0,5
BRDA:14,3,0,5
BRDA:15,4,0,0
BRDA:18,5,0,0
BRDA:22,6,0,5
BRDA:23,7,0,0
BRDA:31,8,0,5
BRDA:32,9,0,5
BRDA:33,10,0,5
BRDA:34,11,0,0
BRDA:40,12,0,4
BRDA:41,13,0,4
BRDA:42,14,0,4
BRDA:43,15,0,0
BRDA:45,16,0,2
BRDA:55,17,0,1
BRDA:56,18,0,1
BRDA:57,19,0,1
BRDA:58,20,0,0
BRDA:60,21,0,1
BRDA:70,22,0,4
BRDA:71,23,0,4
BRDA:74,24,0,0
BRDA:75,25,0,4
BRDA:76,26,0,0
BRDA:83,27,0,1
BRDA:84,28,0,1
BRDA:87,29,0,0
BRDA:88,30,0,1
BRDA:89,31,0,0
BRDA:96,32,0,1
BRDA:97,33,0,1
BRDA:98,34,0,1
BRDA:99,35,0,0
BRF:36
BRH:24
end_of_record
TN:
SF:src\routes\addItem.js
FN:4,module.exports
FNF:1
FNH:1
FNDA:1,module.exports
DA:1,1
DA:2,1
DA:3,1
DA:4,1
DA:5,1
DA:6,1
DA:7,1
DA:8,1
DA:9,1
DA:10,1
DA:11,1
DA:12,1
DA:13,1
LF:13
LH:13
BRDA:4,0,0,1
BRF:1
BRH:1
end_of_record
TN:
SF:src\routes\deleteItem.js
FN:3,module.exports
FNF:1
FNH:1
FNDA:1,module.exports
DA:1,1
DA:2,1
DA:3,1
DA:4,1
DA:5,1
DA:6,1
LF:6
LH:6
BRDA:3,0,0,1
BRF:1
BRH:1
end_of_record
TN:
SF:src\routes\getItems.js
FN:3,module.exports
FNF:1
FNH:1
FNDA:1,module.exports
DA:1,1
DA:2,1
DA:3,1
DA:4,1
DA:5,1
DA:6,1
LF:6
LH:6
BRDA:3,0,0,1
BRF:1
BRH:1
end_of_record
TN:
SF:src\routes\updateItem.js
FN:3,module.exports
FNF:1
FNH:1
FNDA:1,module.exports
DA:1,1
DA:2,1
DA:3,1
DA:4,1
DA:5,1
DA:6,1
DA:7,1
DA:8,1
DA:9,1
DA:10,1
LF:10
LH:10
BRDA:3,0,0,1
BRF:1
BRH:1
end_of_record
