TN:
SF:src\persistence\sqlite.js
FN:7,init
FN:31,teardown
FN:40,getItems
FN:55,getItem
FN:70,storeItem
FN:83,updateItem
FN:96,removeItem
FNF:7
FNH:1
FNDA:1,init
FNDA:0,teardown
FNDA:0,getItems
FNDA:0,getItem
FNDA:0,storeItem
FNDA:0,updateItem
FNDA:0,removeItem
DA:1,1
DA:2,1
DA:3,1
DA:4,1
DA:5,1
DA:6,1
DA:7,1
DA:8,1
DA:9,1
DA:10,0
DA:11,0
DA:12,1
DA:13,1
DA:14,1
DA:15,1
DA:16,1
DA:17,1
DA:18,1
DA:19,1
DA:20,1
DA:21,1
DA:22,1
DA:23,1
DA:24,1
DA:25,1
DA:26,1
DA:27,1
DA:28,1
DA:29,1
DA:30,1
DA:31,0
DA:32,0
DA:33,0
DA:34,0
DA:35,0
DA:36,0
DA:37,0
DA:38,0
DA:39,1
DA:40,0
DA:41,0
DA:42,0
DA:43,0
DA:44,0
DA:45,0
DA:46,0
DA:47,0
DA:48,0
DA:49,0
DA:50,0
DA:51,0
DA:52,0
DA:53,0
DA:54,1
DA:55,0
DA:56,0
DA:57,0
DA:58,0
DA:59,0
DA:60,0
DA:61,0
DA:62,0
DA:63,0
DA:64,0
DA:65,0
DA:66,0
DA:67,0
DA:68,0
DA:69,1
DA:70,0
DA:71,0
DA:72,0
DA:73,0
DA:74,0
DA:75,0
DA:76,0
DA:77,0
DA:78,0
DA:79,0
DA:80,0
DA:81,0
DA:82,1
DA:83,0
DA:84,0
DA:85,0
DA:86,0
DA:87,0
DA:88,0
DA:89,0
DA:90,0
DA:91,0
DA:92,0
DA:93,0
DA:94,0
DA:95,1
DA:96,0
DA:97,0
DA:98,0
DA:99,0
DA:100,0
DA:101,0
DA:102,0
DA:103,0
DA:104,1
DA:105,1
DA:106,1
DA:107,1
DA:108,1
DA:109,1
DA:110,1
DA:111,1
DA:112,1
DA:113,1
LF:113
LH:43
BRDA:7,0,0,1
BRDA:9,1,0,0
BRDA:13,2,0,1
BRDA:14,3,0,1
BRDA:15,4,0,0
BRDA:18,5,0,0
BRDA:22,6,0,1
BRDA:23,7,0,0
BRF:8
BRH:4
end_of_record
TN:
SF:src\routes\addItem.js
FN:4,module.exports
FNF:1
FNH:1
FNDA:1,module.exports
DA:1,1
DA:2,1
DA:3,1
DA:4,1
DA:5,1
DA:6,1
DA:7,1
DA:8,1
DA:9,1
DA:10,1
DA:11,1
DA:12,1
DA:13,1
LF:13
LH:13
BRDA:4,0,0,1
BRF:1
BRH:1
end_of_record
TN:
SF:src\routes\deleteItem.js
FN:3,module.exports
FNF:1
FNH:1
FNDA:1,module.exports
DA:1,1
DA:2,1
DA:3,1
DA:4,1
DA:5,1
DA:6,1
LF:6
LH:6
BRDA:3,0,0,1
BRF:1
BRH:1
end_of_record
TN:
SF:src\routes\getItems.js
FN:3,module.exports
FNF:1
FNH:1
FNDA:1,module.exports
DA:1,1
DA:2,1
DA:3,1
DA:4,1
DA:5,1
DA:6,1
LF:6
LH:6
BRDA:3,0,0,1
BRF:1
BRH:1
end_of_record
TN:
SF:src\routes\updateItem.js
FN:3,module.exports
FNF:1
FNH:1
FNDA:1,module.exports
DA:1,1
DA:2,1
DA:3,1
DA:4,1
DA:5,1
DA:6,1
DA:7,1
DA:8,1
DA:9,1
DA:10,1
LF:10
LH:10
BRDA:3,0,0,1
BRF:1
BRH:1
end_of_record
